<?xml version="1.0" encoding="UTF-8"?>
<testsuite xmlns:xsi="http://www.w3.org/2001/XMLSchema-instance" xsi:noNamespaceSchemaLocation="https://maven.apache.org/surefire/maven-surefire-plugin/xsd/surefire-test-report-3.0.xsd" version="3.0" name="com.example.MyServiceTest" time="0.944" tests="13" errors="0" skipped="0" failures="0">
  <properties>
[...]
</properties>
  <testcase name="testVerifyMultipleCallsWithDifferentArgs" classname="com.example.MyServiceTest" time="0.854">
    <system-err><![CDATA[WARNING: A Java agent has been loaded dynamically (C:\Users\Arfan\.m2\repository\net\bytebuddy\byte-buddy-agent\1.14.12\byte-buddy-agent-1.14.12.jar)
WARNING: If a serviceability tool is in use, please run with -XX:+EnableDynamicAgentLoading to hide this warning
WARNING: If a serviceability tool is not in use, please run with -Djdk.instrument.traceUsage for more information
WARNING: Dynamic loading of agents will be disallowed by default in a future release
]]></system-err>
  </testcase>
  <testcase name="testVerifyWithMatchers" classname="com.example.MyServiceTest" time="0.005"/>
  <testcase name="testVerifyInteraction" classname="com.example.MyServiceTest" time="0.003"/>
  <testcase name="testVerifyCallCount" classname="com.example.MyServiceTest" time="0.003"/>
  <testcase name="testVerifyWithArguments" classname="com.example.MyServiceTest" time="0.003"/>
  <testcase name="testFetchData" classname="com.example.MyServiceTest" time="0.007"/>
  <testcase name="testCheckStatus" classname="com.example.MyServiceTest" time="0.002"/>
  <testcase name="testVerifyNoInteractions" classname="com.example.MyServiceTest" time="0.002"/>
  <testcase name="testFetchDataMultipleStubs" classname="com.example.MyServiceTest" time="0.002"/>
  <testcase name="testBasicArgumentMatchers" classname="com.example.MyServiceTest" time="0.002"/>
  <testcase name="completeVerificationExample" classname="com.example.MyServiceTest" time="0.006"/>
  <testcase name="testVerifyOrder" classname="com.example.MyServiceTest" time="0.002"/>
  <testcase name="testStringMatchers" classname="com.example.MyServiceTest" time="0.003"/>
</testsuite>